<?xml version="1.0" encoding="UTF-8"?>
<!-- Generated by org.testng.reporters.JUnitReportReporter -->
<testsuite hostname="DESKTOP-TF5IFJL" failures="0" tests="3" name="TestCases.Test1" time="0.030" errors="0" timestamp="2022-05-08T17:58:15 IST" skipped="0">
  <testcase classname="TestCases.Test1" name="Test1" time="0.024"/>
  <system-out/>
  <testcase classname="TestCases.Test1" name="Test2" time="0.003"/>
  <system-out/>
  <testcase classname="TestCases.Test1" name="Test3" time="0.003"/>
  <system-out/>
</testsuite> <!-- TestCases.Test1 -->
